<?xml version="1.0" encoding="UTF-8"?>
<!-- Generated by org.testng.reporters.JUnitXMLReporter -->
<testsuite hostname="DESKTOP-89OTHQ5" ignored="5" name="Default test" tests="1" failures="0" timestamp="27 Sep 2020 04:03:55 GMT" time="42.703" errors="0">
  <testcase name="postUSer" time="42.572" classname="com.jbk.Demo"/>
  <testcase name="VerifyResponseAllUser" time="0.0" classname="com.jbk.Demo">
    <ignored/>
  </testcase> <!-- VerifyResponseAllUser -->
  <testcase name="verifySpecificHeader" time="0.0" classname="com.jbk.Demo">
    <ignored/>
  </testcase> <!-- verifySpecificHeader -->
  <testcase name="VerifyResponseSpecificUser" time="0.0" classname="com.jbk.Demo">
    <ignored/>
  </testcase> <!-- VerifyResponseSpecificUser -->
  <testcase name="VerifyResponse" time="0.0" classname="com.jbk.Demo">
    <ignored/>
  </testcase> <!-- VerifyResponse -->
  <testcase name="verifyAllHeaders" time="0.0" classname="com.jbk.Demo">
    <ignored/>
  </testcase> <!-- verifyAllHeaders -->
</testsuite> <!-- Default test -->
